20260530	21:09:59	f86e0e8a-2868-4141-9034-704bee89a4ac	POST	200	Unknown	::1	http://localhost:5000/api/v1/auth/register
20260530	21:10:28	83269c1c-4293-4aa2-b9f0-4fd8643e3fdd	POST	200	Unknown	::1	http://localhost:5000/api/v1/auth/me
20260530	21:10:37	288f61c2-4343-4665-b18b-2d8022b5439e	GET	200	Unknown	::1	http://localhost:5000/api/v1/auth/me
20260530	21:12:41	0a1ba7be-8b76-4e3e-b742-0efbec4deb5e	GET	200	Unknown	::1	http://localhost:5000/
20260530	21:12:41	3860f877-b138-4a90-941c-dde1284fe185	GET	200	Unknown	::1	http://localhost:5000/favicon.ico
20260530	21:13:53	87c57259-1f4d-4991-82f1-60b111c607a2	GET	200	Unknown	::1	http://localhost:5000/
20260530	21:14:02	715196e7-a4b3-4542-92ff-763fd3a7dada	GET	200	http://localhost:5173	::1	http://localhost:5000/api/v1/auth/me
20260530	21:14:02	9392010e-55b6-4770-9302-5ee328af306e	GET	200	http://localhost:5173	::1	http://localhost:5000/api/v1/auth/me
20260530	21:14:12	bb2772b9-bb17-49d7-921a-78b3e0540c3f	POST	200	http://localhost:5173	::1	http://localhost:5000/api/v1/auth/login
20260530	21:14:12	f6f2e188-6f17-4f5c-a35d-06c4bf52f721	GET	200	http://localhost:5173	::1	http://localhost:5000/api/v1/locations
20260530	21:14:12	4bedd5dc-b026-447b-9921-7d312a0c51ab	GET	200	http://localhost:5173	::1	http://localhost:5000/api/v1/notifications/unread?filter=unread
20260530	21:14:32	a0a08404-9017-4c76-8480-370b505b5411	GET	200	http://localhost:5173	::1	http://localhost:5000/api/v1/auth/me
20260530	21:14:32	8f1d6e82-96a1-49f0-9fd7-d13d230ab7a3	GET	200	http://localhost:5173	::1	http://localhost:5000/api/v1/auth/me
20260530	21:14:32	9e9c6c3d-fc81-45b5-a64c-402ba319e82f	GET	200	http://localhost:5173	::1	http://localhost:5000/api/v1/locations
20260530	21:14:32	f900c2b1-0340-4345-88c4-57e3f42ea56c	GET	200	http://localhost:5173	::1	http://localhost:5000/api/v1/notifications/unread?filter=unread
20260530	21:17:21	2d52562d-e579-492c-a20d-e71b68f91398	GET	200	http://localhost:5173	::1	http://localhost:5000/api/v1/auth/me
20260530	21:17:21	2e37cd1f-1e9e-497a-b276-4ee8965dfad9	GET	200	http://localhost:5173	::1	http://localhost:5000/api/v1/auth/me
20260530	21:17:26	71c6e454-ca7f-4931-81fb-0eb93d6a4d6b	POST	200	http://localhost:5173	::1	http://localhost:5000/api/v1/auth/login
20260530	21:17:26	2010b19c-2fce-4004-86cd-96cc44cfca29	GET	200	http://localhost:5173	::1	http://localhost:5000/api/v1/locations
20260530	21:17:26	70760206-541e-4c91-a61b-df6eba6e59ec	GET	200	http://localhost:5173	::1	http://localhost:5000/api/v1/notifications/unread?filter=unread
20260530	21:17:40	baa7669a-15eb-4387-a87b-73d2f11334ea	GET	200	http://localhost:5173	::1	http://localhost:5000/api/v1/auth/me
20260530	21:17:40	4a52a338-63be-4216-8de0-451f5fae76b3	GET	200	http://localhost:5173	::1	http://localhost:5000/api/v1/auth/me
20260530	21:17:40	8fffc6a5-0c2d-4780-a5e7-f0e621de2a47	GET	200	http://localhost:5173	::1	http://localhost:5000/api/v1/locations
20260530	21:17:40	6bf013b7-358c-43f0-9f1d-93aae8f32bca	GET	200	http://localhost:5173	::1	http://localhost:5000/api/v1/notifications/unread?filter=unread
20260530	21:18:32	93db84c1-a4ba-4d8e-9420-4f1380fd5db1	GET	200	http://localhost:5173	::1	http://localhost:5000/api/v1/auth/me
20260530	21:18:32	581b8809-2d16-4728-8428-68559aefd884	GET	200	http://localhost:5173	::1	http://localhost:5000/api/v1/auth/me
20260530	21:19:52	00a1a41d-6468-433a-8adc-144ef1d82829	POST	200	Unknown	::1	http://localhost:5000/api/v1/auth/login
20260530	21:20:44	03e3b1c0-791e-4922-b34e-085fa02a6bd8	GET	200	http://localhost:5173	::1	http://localhost:5000/api/v1/auth/me
20260530	21:20:44	3a203282-3357-4165-ba0b-187a70a9fffc	GET	200	http://localhost:5173	::1	http://localhost:5000/api/v1/auth/me
20260530	21:20:48	8ecf4035-b263-4009-9717-6c0daeeba328	GET	200	http://localhost:5173	::1	http://localhost:5000/api/v1/auth/me
20260530	21:20:48	1e9d0a31-085a-4ad7-a08c-2efdca2f9d61	GET	200	http://localhost:5173	::1	http://localhost:5000/api/v1/auth/me
20260530	21:20:56	e3cbad75-4781-496e-a8aa-4722124b5bb2	GET	200	http://localhost:5173	::1	http://localhost:5000/api/v1/auth/me
20260530	21:20:56	0d6db348-0f0d-461c-8669-6581b494aa43	GET	200	http://localhost:5173	::1	http://localhost:5000/api/v1/auth/me
20260530	21:21:01	0a457137-3610-4b73-8eea-b19bbd109126	GET	200	http://localhost:5173	::1	http://localhost:5000/api/v1/auth/me
20260530	21:21:01	fc701f3e-a52f-43b3-96d7-2e83e2acfcd8	GET	200	http://localhost:5173	::1	http://localhost:5000/api/v1/auth/me
20260530	21:25:24	a1a31efc-1c3f-4d34-a188-3e19e9264081	GET	200	http://localhost:5173	::1	http://localhost:5000/api/v1/auth/me
20260530	21:25:24	c1a19595-8e5a-4fb4-b2ec-cc5397077d52	GET	200	http://localhost:5173	::1	http://localhost:5000/api/v1/auth/me
20260530	21:27:48	e89699ba-2928-4e06-a1b0-9ed7d54f76de	GET	200	http://localhost:5173	::1	http://localhost:5000/api/v1/auth/me
20260530	21:27:48	94c48319-d24a-4816-aa41-1b6caa6207b5	GET	200	http://localhost:5173	::1	http://localhost:5000/api/v1/auth/me
20260530	21:43:32	c59143eb-4e71-495d-9421-79f35a4184e7	GET	200	http://localhost:5173	::1	http://localhost:5000/api/v1/auth/me
20260530	21:43:33	af22e3f3-d970-4769-9010-fa9417409de5	GET	200	http://localhost:5173	::1	http://localhost:5000/api/v1/auth/me
20260530	21:44:51	38461820-4107-46f5-a000-98ae82e0e1e2	GET	200	http://localhost:5173	::1	http://localhost:5000/api/v1/auth/me
20260530	21:44:51	16ef6a5a-0e80-46c1-a8cc-4b2edcdb324e	GET	200	http://localhost:5173	::1	http://localhost:5000/api/v1/auth/me
20260530	21:54:51	a17b034e-40c4-4930-bf21-df63cd8f6a5b	GET	200	http://localhost:5173	::1	http://localhost:5000/api/v1/auth/me
20260530	21:54:51	68ce4b39-2d3b-4546-8352-ba0bfbb1cebc	GET	200	http://localhost:5173	::1	http://localhost:5000/api/v1/auth/me
20260530	21:55:10	78c889bd-7486-4570-abf8-827be8b2c374	GET	200	http://localhost:5173	::1	http://localhost:5000/api/v1/auth/me
20260530	21:55:10	a08b480e-e3c6-4b40-a341-aeabef33f67d	GET	200	http://localhost:5173	::1	http://localhost:5000/api/v1/auth/me
20260530	21:55:11	ea0eb993-3411-4dbb-9e13-9a71644ee59f	GET	200	http://localhost:5173	::1	http://localhost:5000/api/v1/auth/me
20260530	21:55:11	4cb11121-dbd2-437a-93b5-57d4a3a37faf	GET	200	http://localhost:5173	::1	http://localhost:5000/api/v1/auth/me
20260530	22:01:05	ac3b6b76-87e1-40e8-8047-ab413f047381	GET	200	http://localhost:5173	::1	http://localhost:5000/api/v1/auth/me
20260530	22:01:05	00211f86-b2e2-4834-af4d-d85b9e6d8699	GET	200	http://localhost:5173	::1	http://localhost:5000/api/v1/auth/me
20260530	22:13:02	78788239-1133-4f48-8a20-56496ed295cf	GET	200	http://localhost:5173	::1	http://localhost:5000/api/v1/auth/me
20260530	22:13:02	1313acad-8780-452f-ab35-e4c8dd1160d8	GET	200	http://localhost:5173	::1	http://localhost:5000/api/v1/auth/me
20260530	22:29:46	058f419a-39d8-43ef-9176-8f9f762d5fcd	GET	200	http://localhost:5173	::1	http://localhost:5000/api/v1/auth/me
20260530	22:29:46	00ae4e72-4036-4da0-ae53-171cffa2c406	GET	200	http://localhost:5173	::1	http://localhost:5000/api/v1/auth/me
20260530	22:41:07	0b67dbe1-3795-4d1d-a672-8e95643c3e9b	GET	200	http://localhost:5173	::1	http://localhost:5000/api/v1/auth/me
20260530	22:41:07	e1bb499f-09cd-4517-af0c-92580465b9e8	GET	200	http://localhost:5173	::1	http://localhost:5000/api/v1/auth/me
20260530	22:50:34	6430ff31-19fa-4792-8dd1-4337a60aec22	GET	200	http://localhost:5173	::1	http://localhost:5000/api/v1/auth/me
20260530	22:50:34	dd5d1bca-2801-480e-9592-2ab54c4dcb96	GET	200	http://localhost:5173	::1	http://localhost:5000/api/v1/auth/me
20260530	22:50:37	2f2f1084-9f27-4f83-a862-2f3fcaea5983	GET	200	http://localhost:5173	::1	http://localhost:5000/api/v1/auth/me
20260530	22:50:37	d26351de-b7de-404d-af83-936e393ee2e0	GET	200	http://localhost:5173	::1	http://localhost:5000/api/v1/auth/me
20260530	22:51:48	346fa87b-9d68-4c96-823c-10fe5ce811e9	GET	200	http://localhost:5173	::1	http://localhost:5000/api/v1/auth/me
20260530	22:51:48	c607cf1d-8298-44c5-851e-a891350f8617	GET	200	http://localhost:5173	::1	http://localhost:5000/api/v1/auth/me
20260530	22:52:32	ca37b54f-3274-4637-ba51-731274f2a123	GET	200	http://localhost:5173	::1	http://localhost:5000/api/v1/auth/me
20260530	22:52:32	104de0c3-d7cf-4ffa-a607-5b37c2f14e84	GET	200	http://localhost:5173	::1	http://localhost:5000/api/v1/auth/me
20260530	23:45:19	df64bb01-8a45-4f0b-bae5-666fa755323e	GET	200	http://localhost:5173	::1	http://localhost:5000/api/v1/auth/me
20260530	23:45:19	4ae54538-6ce9-4786-a616-356daf3abcdb	GET	200	http://localhost:5173	::1	http://localhost:5000/api/v1/auth/me
20260530	23:54:26	d5cb9c9d-9e51-4a96-8d38-1321a41da896	GET	200	http://localhost:5173	::1	http://localhost:5000/api/v1/auth/me
20260530	23:54:26	4ed6e545-964d-41d5-918a-f7b533a3088d	GET	200	http://localhost:5173	::1	http://localhost:5000/api/v1/auth/me
20260530	23:54:47	0bb7c49c-f35b-4375-888b-dc590cf68a5c	GET	200	http://localhost:5173	::1	http://localhost:5000/api/v1/auth/me
20260530	23:54:47	a776468c-b8da-42b7-9263-bd9993ba640b	GET	200	http://localhost:5173	::1	http://localhost:5000/api/v1/auth/me
20260531	00:05:13	3d4b1089-331c-4e99-89ee-c0e9796649cc	GET	200	http://localhost:5173	::1	http://localhost:5000/api/v1/auth/me
20260531	00:05:13	6713c0e2-138a-48b1-b7dd-f7067dd8487a	GET	200	http://localhost:5173	::1	http://localhost:5000/api/v1/auth/me
